[00:14:07] DanichMan (68a315d1-d6f1-3999-bb31-43b1ec5aaebc): :platina:
[01:05:23] DraimEnot (25eaf987-6f6c-39f5-ae67-5961b3f6cfbd): :игрок:
[01:05:30] DraimEnot (25eaf987-6f6c-39f5-ae67-5961b3f6cfbd): :player:
[01:06:16] DraimEnot (25eaf987-6f6c-39f5-ae67-5961b3f6cfbd): :default:
[01:06:51] DanichMan (68a315d1-d6f1-3999-bb31-43b1ec5aaebc): 1
[01:06:55] DanichMan (68a315d1-d6f1-3999-bb31-43b1ec5aaebc): :player:
[01:07:12] DraimEnot (25eaf987-6f6c-39f5-ae67-5961b3f6cfbd): :owner:
[01:07:21] DanichMan (68a315d1-d6f1-3999-bb31-43b1ec5aaebc): :dev:
[01:07:24] DanichMan (68a315d1-d6f1-3999-bb31-43b1ec5aaebc): :wut:
[01:07:28] DanichMan (68a315d1-d6f1-3999-bb31-43b1ec5aaebc): :pog:
[01:07:28] DraimEnot (25eaf987-6f6c-39f5-ae67-5961b3f6cfbd): :dev:
[01:07:32] DanichMan (68a315d1-d6f1-3999-bb31-43b1ec5aaebc): :kek:
[01:07:57] DraimEnot (25eaf987-6f6c-39f5-ae67-5961b3f6cfbd): :pepesad:
[01:08:42] DanichMan (68a315d1-d6f1-3999-bb31-43b1ec5aaebc): 1
[01:08:51] DraimEnot (25eaf987-6f6c-39f5-ae67-5961b3f6cfbd): евапва
[01:12:00] DraimEnot (25eaf987-6f6c-39f5-ae67-5961b3f6cfbd): :emerald--8_16:Hello smile
[01:12:22] DanichMan (68a315d1-d6f1-3999-bb31-43b1ec5aaebc): :lmao:
[01:12:43] DraimEnot (25eaf987-6f6c-39f5-ae67-5961b3f6cfbd): pog
[01:12:56] DraimEnot (25eaf987-6f6c-39f5-ae67-5961b3f6cfbd): :minus--11_8:
[01:13:02] DraimEnot (25eaf987-6f6c-39f5-ae67-5961b3f6cfbd): smile
[01:13:11] DraimEnot (25eaf987-6f6c-39f5-ae67-5961b3f6cfbd): Hello pog
[01:13:17] DraimEnot (25eaf987-6f6c-39f5-ae67-5961b3f6cfbd): Hello p
[01:13:23] DraimEnot (25eaf987-6f6c-39f5-ae67-5961b3f6cfbd): Hello :left_parenthesis--11_8:
[01:13:51] DraimEnot (25eaf987-6f6c-39f5-ae67-5961b3f6cfbd): :emerald--8_16:Hello welcome
[01:14:08] DanichMan (68a315d1-d6f1-3999-bb31-43b1ec5aaebc): Hello e
[01:15:09] DanichMan (68a315d1-d6f1-3999-bb31-43b1ec5aaebc): :platina:
[01:15:21] DanichMan (68a315d1-d6f1-3999-bb31-43b1ec5aaebc): :platinum:
[01:19:00] DanichMan (68a315d1-d6f1-3999-bb31-43b1ec5aaebc): ./hologram - CMI
[01:19:10] DanichMan (68a315d1-d6f1-3999-bb31-43b1ec5aaebc): Это не CMI
[01:19:17] DanichMan (68a315d1-d6f1-3999-bb31-43b1ec5aaebc): ./hd
[01:21:42] DanichMan (68a315d1-d6f1-3999-bb31-43b1ec5aaebc): {#00e6a1}Платина§7 (%img_platinum%) - это материал для базовых &#00e6a1платиновых§7 предметов,
[01:25:28] DanichMan (68a315d1-d6f1-3999-bb31-43b1ec5aaebc): а да те кубы я все минуснул
[01:27:55] DanichMan (68a315d1-d6f1-3999-bb31-43b1ec5aaebc): но там прикол в том
[01:27:59] DanichMan (68a315d1-d6f1-3999-bb31-43b1ec5aaebc): что я затрагивал блоки
[01:28:02] DanichMan (68a315d1-d6f1-3999-bb31-43b1ec5aaebc): а не энтити
[01:28:06] DanichMan (68a315d1-d6f1-3999-bb31-43b1ec5aaebc): в блокбенче
[01:28:18] DanichMan (68a315d1-d6f1-3999-bb31-43b1ec5aaebc): все эти энтити
[01:28:20] DanichMan (68a315d1-d6f1-3999-bb31-43b1ec5aaebc): это свинка
[01:28:36] DanichMan (68a315d1-d6f1-3999-bb31-43b1ec5aaebc): а я ту хуйню делал
[01:28:38] DanichMan (68a315d1-d6f1-3999-bb31-43b1ec5aaebc): по блокам
[01:29:00] DanichMan (68a315d1-d6f1-3999-bb31-43b1ec5aaebc): Сверху написать ЛКМ по нпс
[01:29:01] DanichMan (68a315d1-d6f1-3999-bb31-43b1ec5aaebc): ;C
[01:30:54] DanichMan (68a315d1-d6f1-3999-bb31-43b1ec5aaebc): а кто це
[01:34:42] DanichMan (68a315d1-d6f1-3999-bb31-43b1ec5aaebc): работает ток по другому
[01:34:55] DanichMan (68a315d1-d6f1-3999-bb31-43b1ec5aaebc): да
[01:34:57] DanichMan (68a315d1-d6f1-3999-bb31-43b1ec5aaebc): странная херня
[01:35:10] DanichMan (68a315d1-d6f1-3999-bb31-43b1ec5aaebc): сломал блок
[01:35:13] DanichMan (68a315d1-d6f1-3999-bb31-43b1ec5aaebc): онли ноги
[01:38:02] DanichMan (68a315d1-d6f1-3999-bb31-43b1ec5aaebc): -
[01:39:03] DanichMan (68a315d1-d6f1-3999-bb31-43b1ec5aaebc): я курить
[13:11:09] DanichMan (68a315d1-d6f1-3999-bb31-43b1ec5aaebc): :emerald:
[13:12:37] DanichMan (68a315d1-d6f1-3999-bb31-43b1ec5aaebc): :emerald:
